Line 21: Class MSCommLib.MSComm of control MSComm1 was not a loaded control class.
Line 55: Class WMPLibCtl.WindowsMediaPlayer of control WindowsMediaPlayer1 was not a loaded control class.
Line 24: The property name _ExtentX in MSComm1 is invalid.
Line 25: The property name _ExtentY in MSComm1 is invalid.
Line 26: The property name _Version in MSComm1 is invalid.
Line 27: The property name DTREnable in MSComm1 is invalid.
Line 61: The property name URL in WindowsMediaPlayer1 is invalid.
Line 62: The property name rate in WindowsMediaPlayer1 is invalid.
Line 63: The property name balance in WindowsMediaPlayer1 is invalid.
Line 64: The property name currentPosition in WindowsMediaPlayer1 is invalid.
Line 65: The property name defaultFrame in WindowsMediaPlayer1 is invalid.
Line 66: The property name playCount in WindowsMediaPlayer1 is invalid.
Line 67: The property name autoStart in WindowsMediaPlayer1 is invalid.
Line 68: The property name currentMarker in WindowsMediaPlayer1 is invalid.
Line 69: The property name invokeURLs in WindowsMediaPlayer1 is invalid.
Line 70: The property name baseURL in WindowsMediaPlayer1 is invalid.
Line 71: The property name volume in WindowsMediaPlayer1 is invalid.
Line 72: The property name mute in WindowsMediaPlayer1 is invalid.
Line 73: The property name uiMode in WindowsMediaPlayer1 is invalid.
Line 74: The property name stretchToFit in WindowsMediaPlayer1 is invalid.
Line 75: The property name windowlessVideo in WindowsMediaPlayer1 is invalid.
Line 77: The property name enableContextMenu in WindowsMediaPlayer1 is invalid.
Line 78: The property name fullScreen in WindowsMediaPlayer1 is invalid.
Line 79: The property name SAMIStyle in WindowsMediaPlayer1 is invalid.
Line 80: The property name SAMILang in WindowsMediaPlayer1 is invalid.
Line 81: The property name SAMIFilename in WindowsMediaPlayer1 is invalid.
Line 82: The property name captioningID in WindowsMediaPlayer1 is invalid.
Line 83: The property name enableErrorDialogs in WindowsMediaPlayer1 is invalid.
Line 84: The property name _cx in WindowsMediaPlayer1 is invalid.
Line 85: The property name _cy in WindowsMediaPlayer1 is invalid.
